:: Synchronizing package databases...
downloading mingw32.db...
downloading mingw32.db.sig...
downloading mingw64.db...
downloading mingw64.db.sig...
downloading msys.db...
downloading msys.db.sig...
resolving dependencies...
looking for conflicting packages...
:: python-pip and python3-pip are in conflict. Remove python3-pip? [Y/n] y

Packages (3) python3-pip-19.3.1-1 [removal]  python-3.8.3-1  python-pip-20.0.2-2

Total Download Size:    17.93 MiB
Total Installed Size:  115.92 MiB
Net Upgrade Size:        3.89 MiB

:: Proceed with installation? [Y/n] y
:: Retrieving packages...
downloading python-3.8.3-1-x86_64.pkg.tar.zst...
downloading python-pip-20.0.2-2-any.pkg.tar.xz...
checking keyring...
checking package integrity...
loading package files...
checking for file conflicts...
checking available disk space...
:: Processing package changes...
removing python3-pip...
upgrading python...
installing python-pip...
error: target not found: php
resolving dependencies...
looking for conflicting packages...

Packages (2) heimdal-7.7.0-1  openssh-8.3p1-1

Total Download Size:   1.19 MiB
Total Installed Size:  6.51 MiB

:: Proceed with installation? [Y/n] y
:: Retrieving packages...
downloading heimdal-7.7.0-1-x86_64.pkg.tar.xz...
downloading openssh-8.3p1-1-x86_64.pkg.tar.zst...
checking keyring...
checking package integrity...
loading package files...
checking for file conflicts...
checking available disk space...
:: Processing package changes...
installing heimdal...
installing openssh...
Requirement already satisfied: requests in c:\python38\lib\site-packages (2.23.0)
Requirement already satisfied: idna<3,>=2.5 in c:\python38\lib\site-packages (from requests) (2.9)
Requirement already satisfied: certifi>=2017.4.17 in c:\python38\lib\site-packages (from requests) (2020.4.5.1)
Requirement already satisfied: chardet<4,>=3.0.2 in c:\python38\lib\site-packages (from requests) (3.0.4)
Requirement already satisfied: urllib3!=1.25.0,!=1.25.1,<1.26,>=1.21.1 in c:\python38\lib\site-packages (from requests) (1.25.9)
Collecting requests
  Using cached requests-2.23.0-py2.py3-none-any.whl (58 kB)
Collecting idna<3,>=2.5
  Using cached idna-2.9-py2.py3-none-any.whl (58 kB)
Collecting urllib3!=1.25.0,!=1.25.1,<1.26,>=1.21.1
  Using cached urllib3-1.25.9-py2.py3-none-any.whl (126 kB)
Collecting chardet<4,>=3.0.2
  Using cached chardet-3.0.4-py2.py3-none-any.whl (133 kB)
Collecting certifi>=2017.4.17
  Using cached certifi-2020.4.5.1-py2.py3-none-any.whl (157 kB)
Installing collected packages: idna, urllib3, chardet, certifi, requests
Successfully installed certifi-2020.4.5.1 chardet-3.0.4 idna-2.9 requests-2.23.0 urllib3-1.25.9
Requirement already satisfied: requests in E:\IdeaProjects\seeker\venv\lib\site-packages (2.23.0)
Requirement already satisfied: idna<3,>=2.5 in E:\IdeaProjects\seeker\venv\lib\site-packages (from requests) (2.9)
Requirement already satisfied: chardet<4,>=3.0.2 in E:\IdeaProjects\seeker\venv\lib\site-packages (from requests) (3.0.4)
Requirement already satisfied: urllib3!=1.25.0,!=1.25.1,<1.26,>=1.21.1 in E:\IdeaProjects\seeker\venv\lib\site-packages (from requests) (1.25.9)
Requirement already satisfied: certifi>=2017.4.17 in E:\IdeaProjects\seeker\venv\lib\site-packages (from requests) (2020.4.5.1)
Requirement already satisfied: requests in E:\IdeaProjects\seeker\venv\lib\site-packages (2.23.0)
Requirement already satisfied: urllib3!=1.25.0,!=1.25.1,<1.26,>=1.21.1 in E:\IdeaProjects\seeker\venv\lib\site-packages (from requests) (1.25.9)
Requirement already satisfied: idna<3,>=2.5 in E:\IdeaProjects\seeker\venv\lib\site-packages (from requests) (2.9)
Requirement already satisfied: chardet<4,>=3.0.2 in E:\IdeaProjects\seeker\venv\lib\site-packages (from requests) (3.0.4)
Requirement already satisfied: certifi>=2017.4.17 in E:\IdeaProjects\seeker\venv\lib\site-packages (from requests) (2020.4.5.1)
